#
# There is insufficient memory for the Java Runtime Environment to continue.
# Native memory allocation (mmap) failed to map 132120576 bytes for G1 virtual space
# Possible reasons:
#   The system is out of physical RAM or swap space
#   The process is running with CompressedOops enabled, and the Java Heap may be blocking the growth of the native heap
# Possible solutions:
#   Reduce memory load on the system
#   Increase physical memory or swap space
#   Check if swap backing store is full
#   Decrease Java heap size (-Xmx/-Xms)
#   Decrease number of Java threads
#   Decrease Java thread stack sizes (-Xss)
#   Set larger code cache with -XX:ReservedCodeCacheSize=
#   JVM is running with Unscaled Compressed Oops mode in which the Java heap is
#     placed in the first 4GB address space. The Java Heap base address is the
#     maximum limit for the native heap growth. Please use -XX:HeapBaseMinAddress
#     to set the Java Heap base and to place the Java Heap above 4GB virtual address.
# This output file may be truncated or incomplete.
#
#  Out of Memory Error (os_windows.cpp:3600), pid=27264, tid=24376
#
# JRE version:  (21.0.2+13) (build )
# Java VM: Java HotSpot(TM) 64-Bit Server VM (21.0.2+13-LTS-58, mixed mode, sharing, tiered, compressed oops, compressed class ptrs, g1 gc, windows-amd64)
# No core dump will be written. Minidumps are not enabled by default on client versions of Windows
#

---------------  S U M M A R Y ------------

Command Line: -Dfile.encoding=UTF-8 --module-path=C:\Users\crash\OneDrive\Documents\NetBeansProjects\bank  management system\build\classes -Xmx1g bank.management.system.SignupTwo

Host: 11th Gen Intel(R) Core(TM) i5-1135G7 @ 2.40GHz, 8 cores, 7G,  Windows 11 , 64 bit Build 22621 (10.0.22621.3374)
Time: Sun Apr  7 23:51:38 2024 Hora Padrão da Bahia elapsed time: 0.009722 seconds (0d 0h 0m 0s)

---------------  T H R E A D  ---------------

Current thread (0x000001fd5833cfa0):  JavaThread "Unknown thread" [_thread_in_vm, id=24376, stack(0x0000008292100000,0x0000008292200000) (1024K)]

Stack: [0x0000008292100000,0x0000008292200000]
Native frames: (J=compiled Java code, j=interpreted, Vv=VM code, C=native code)
V  [jvm.dll+0x6cade9]
V  [jvm.dll+0x8569c1]
V  [jvm.dll+0x858d2e]
V  [jvm.dll+0x859413]
V  [jvm.dll+0x280e56]
V  [jvm.dll+0x6c74d5]
V  [jvm.dll+0x6bbeca]
V  [jvm.dll+0x355bca]
V  [jvm.dll+0x35d816]
V  [jvm.dll+0x3ae67e]
V  [jvm.dll+0x3ae928]
V  [jvm.dll+0x3295dc]
V  [jvm.dll+0x32a16b]
V  [jvm.dll+0x81efa9]
V  [jvm.dll+0x3bba01]
V  [jvm.dll+0x807928]
V  [jvm.dll+0x44f50e]
V  [jvm.dll+0x450e11]
C  [jli.dll+0x52a3]
C  [ucrtbase.dll+0x29333]
C  [KERNEL32.DLL+0x1257d]
C  [ntdll.dll+0x5aa48]


---------------  P R O C E S S  ---------------

Threads class SMR info:
_java_thread_list=0x00007ffddec9bb88, length=0, elements={
}

Java Threads: ( => current thread )
Total: 0

Other Threads:
  0x000001fd584e5160 WorkerThread "GC Thread#0"                     [id=25848, stack(0x0000008292200000,0x0000008292300000) (1024K)]
  0x000001fd584ee950 ConcurrentGCThread "G1 Main Marker"            [id=25788, stack(0x0000008292300000,0x0000008292400000) (1024K)]
  0x000001fd584ef450 WorkerThread "G1 Conc#0"                       [id=27528, stack(0x0000008292400000,0x0000008292500000) (1024K)]

[error occurred during error reporting (printing all threads), id 0xc0000005, EXCEPTION_ACCESS_VIOLATION (0xc0000005) at pc=0x00007ffdde40c6a7]
VM state: not at safepoint (not fully initialized)

VM Mutex/Monitor currently owned by a thread:  ([mutex/lock_event])
[0x00007ffdded0ce68] Heap_lock - owner thread: 0x000001fd5833cfa0

Heap address: 0x00000000c0000000, size: 1024 MB, Compressed Oops mode: 32-bit

CDS archive(s) mapped at: [0x0000000000000000-0x0000000000000000-0x0000000000000000), size 0, SharedBaseAddress: 0x0000000800000000, ArchiveRelocationMode: 1.
Narrow klass base: 0x0000000000000000, Narrow klass shift: 0, Narrow klass range: 0x0

GC Precious Log:
 CardTable entry size: 512
 Card Set container configuration: InlinePtr #cards 5 size 8 Array Of Cards #cards 12 size 40 Howl #buckets 4 coarsen threshold 1843 Howl Bitmap #cards 512 size 80 coarsen threshold 460 Card regions per heap region 1 cards per card region 2048

Heap:
 garbage-first heap   total 0K, used 0K [0x00000000c0000000, 0x0000000100000000)
  region size 1024K, 0 young (0K), 0 survivors (0K)

[error occurred during error reporting (printing heap information), id 0xc0000005, EXCEPTION_ACCESS_VIOLATION (0xc0000005) at pc=0x00007ffdde7f39f9]
GC Heap History (0 events):
No events

Dll operation events (1 events):
Event: 0.005 Loaded shared library C:\Program Files\Java\jdk-21\bin\java.dll

Deoptimization events (0 events):
No events

Classes loaded (0 events):
No events

Classes unloaded (0 events):
No events

Classes redefined (0 events):
No events

Internal exceptions (0 events):
No events

ZGC Phase Switch (0 events):
No events

VM Operations (0 events):
No events

Events (0 events):
No events


Dynamic libraries:
0x00007ff6885a0000 - 0x00007ff6885b0000 	C:\Program Files\Java\jdk-21\bin\java.exe
0x00007ffe4fe50000 - 0x00007ffe50066000 	C:\WINDOWS\SYSTEM32\ntdll.dll
0x00007ffe17630000 - 0x00007ffe17649000 	C:\Program Files\Avast Software\Avast\aswhook.dll
0x00007ffe4f1b0000 - 0x00007ffe4f274000 	C:\WINDOWS\System32\KERNEL32.DLL
0x00007ffe4d1f0000 - 0x00007ffe4d597000 	C:\WINDOWS\System32\KERNELBASE.dll
0x00007ffe4d7b0000 - 0x00007ffe4d8c1000 	C:\WINDOWS\System32\ucrtbase.dll
0x00007ffe49dd0000 - 0x00007ffe49de9000 	C:\Program Files\Java\jdk-21\bin\jli.dll
0x00007ffde2450000 - 0x00007ffde246b000 	C:\Program Files\Java\jdk-21\bin\VCRUNTIME140.dll
0x00007ffe4f760000 - 0x00007ffe4f812000 	C:\WINDOWS\System32\ADVAPI32.dll
0x00007ffe4db80000 - 0x00007ffe4dc27000 	C:\WINDOWS\System32\msvcrt.dll
0x00007ffe4dd50000 - 0x00007ffe4ddf8000 	C:\WINDOWS\System32\sechost.dll
0x00007ffe4d8d0000 - 0x00007ffe4d8f8000 	C:\WINDOWS\System32\bcrypt.dll
0x00007ffe4dc30000 - 0x00007ffe4dd45000 	C:\WINDOWS\System32\RPCRT4.dll
0x00007ffe4fa00000 - 0x00007ffe4fbae000 	C:\WINDOWS\System32\USER32.dll
0x00007ffe4d780000 - 0x00007ffe4d7a6000 	C:\WINDOWS\System32\win32u.dll
0x00007ffe2e700000 - 0x00007ffe2e993000 	C:\WINDOWS\WinSxS\amd64_microsoft.windows.common-controls_6595b64144ccf1df_6.0.22621.3235_none_270f74e173860f98\COMCTL32.dll
0x00007ffe4fc10000 - 0x00007ffe4fc39000 	C:\WINDOWS\System32\GDI32.dll
0x00007ffe4d5a0000 - 0x00007ffe4d6b9000 	C:\WINDOWS\System32\gdi32full.dll
0x00007ffe4d900000 - 0x00007ffe4d99a000 	C:\WINDOWS\System32\msvcp_win.dll
0x00007ffe46020000 - 0x00007ffe4602a000 	C:\WINDOWS\SYSTEM32\VERSION.dll
0x00007ffe4f720000 - 0x00007ffe4f751000 	C:\WINDOWS\System32\IMM32.DLL
0x00007ffe18920000 - 0x00007ffe1892c000 	C:\Program Files\Java\jdk-21\bin\vcruntime140_1.dll
0x00007ffdddeb0000 - 0x00007ffdddf3e000 	C:\Program Files\Java\jdk-21\bin\msvcp140.dll
0x00007ffdde0d0000 - 0x00007ffddede7000 	C:\Program Files\Java\jdk-21\bin\server\jvm.dll
0x00007ffe4f820000 - 0x00007ffe4f891000 	C:\WINDOWS\System32\WS2_32.dll
0x00007ffe4d040000 - 0x00007ffe4d08d000 	C:\WINDOWS\SYSTEM32\POWRPROF.dll
0x00007ffe46030000 - 0x00007ffe46064000 	C:\WINDOWS\SYSTEM32\WINMM.dll
0x00007ffe4d020000 - 0x00007ffe4d033000 	C:\WINDOWS\SYSTEM32\UMPDC.dll
0x00007ffe4c160000 - 0x00007ffe4c178000 	C:\WINDOWS\SYSTEM32\kernel.appcore.dll
0x00007ffe17800000 - 0x00007ffe1780a000 	C:\Program Files\Java\jdk-21\bin\jimage.dll
0x00007ffe4aa50000 - 0x00007ffe4ac83000 	C:\WINDOWS\SYSTEM32\DBGHELP.DLL
0x00007ffe4deb0000 - 0x00007ffe4e238000 	C:\WINDOWS\System32\combase.dll
0x00007ffe4e5b0000 - 0x00007ffe4e687000 	C:\WINDOWS\System32\OLEAUT32.dll
0x00007ffe43f90000 - 0x00007ffe43fc2000 	C:\WINDOWS\SYSTEM32\dbgcore.DLL
0x00007ffe4d170000 - 0x00007ffe4d1e9000 	C:\WINDOWS\System32\bcryptPrimitives.dll
0x00007ffde23f0000 - 0x00007ffde240f000 	C:\Program Files\Java\jdk-21\bin\java.dll

dbghelp: loaded successfully - version: 4.0.5 - missing functions: none
symbol engine: initialized successfully - sym options: 0x614 - pdb path: .;C:\Program Files\Java\jdk-21\bin;C:\WINDOWS\SYSTEM32;C:\Program Files\Avast Software\Avast;C:\WINDOWS\WinSxS\amd64_microsoft.windows.common-controls_6595b64144ccf1df_6.0.22621.3235_none_270f74e173860f98;C:\Program Files\Java\jdk-21\bin\server

VM Arguments:
jvm_args: -Dfile.encoding=UTF-8 --module-path=C:\Users\crash\OneDrive\Documents\NetBeansProjects\bank  management system\build\classes -Xmx1g 
java_command: bank.management.system.SignupTwo
java_class_path (initial): C:\Users\crash\OneDrive\Documents\NetBeansProjects\ATM Simulator System\jcalendar-tz-1.3.3-4.jar;C:\Users\crash\OneDrive\Documents\NetBeansProjects\ATM Simulator System\mysql-connector-java-8.0.28.jar;C:\Users\crash\OneDrive\Documents\NetBeansProjects\bank  management system\build\classes
Launcher Type: SUN_STANDARD

[Global flags]
     intx CICompilerCount                          = 4                                         {product} {ergonomic}
     uint ConcGCThreads                            = 2                                         {product} {ergonomic}
     uint G1ConcRefinementThreads                  = 8                                         {product} {ergonomic}
   size_t G1HeapRegionSize                         = 1048576                                   {product} {ergonomic}
    uintx GCDrainStackTargetSize                   = 64                                        {product} {ergonomic}
   size_t InitialHeapSize                          = 132120576                                 {product} {ergonomic}
   size_t MarkStackSize                            = 4194304                                   {product} {ergonomic}
   size_t MaxHeapSize                              = 1073741824                                {product} {command line}
   size_t MinHeapDeltaBytes                        = 1048576                                   {product} {ergonomic}
   size_t MinHeapSize                              = 8388608                                   {product} {ergonomic}
    uintx NonNMethodCodeHeapSize                   = 5839372                                {pd product} {ergonomic}
    uintx NonProfiledCodeHeapSize                  = 122909434                              {pd product} {ergonomic}
     bool PerfDisableSharedMem                     = true                                      {product} {ergonomic}
    uintx ProfiledCodeHeapSize                     = 122909434                              {pd product} {ergonomic}
    uintx ReservedCodeCacheSize                    = 251658240                              {pd product} {ergonomic}
     bool SegmentedCodeCache                       = true                                      {product} {ergonomic}
   size_t SoftMaxHeapSize                          = 1073741824                             {manageable} {ergonomic}
     bool UseCompressedOops                        = true                           {product lp64_product} {ergonomic}
     bool UseG1GC                                  = true                                      {product} {ergonomic}
     bool UseLargePagesIndividualAllocation        = false                                  {pd product} {ergonomic}

Logging:
Log output configuration:
 #0: stdout all=warning uptime,level,tags foldmultilines=false
 #1: stderr all=off uptime,level,tags foldmultilines=false

Environment Variables:
_JAVA_OPTIONS= -Xmx1g
PATH=C:\Program Files\Common Files\Oracle\Java\javapath;C:\Program Files (x86)\Common Files\Oracle\Java\javapath;C:\ProgramData\Oracle\Java\javapath;C:\WINDOWS\system32;C:\WINDOWS;C:\WINDOWS\System32\Wbem;C:\WINDOWS\System32\WindowsPowerShell\v1.0\;C:\WINDOWS\System32\OpenSSH\;C:\ProgramData\chocolatey\bin;C:\Program Files\Git\cmd;C:\ProgramData\UNIVALI\Portugol Studio;C:\Program Files (x86)\Microsoft SQL Server\160\Tools\Binn\;C:\Program Files\Microsoft SQL Server\160\Tools\Binn\;C:\Program Files\Microsoft SQL Server\Client SDK\ODBC\170\Tools\Binn\;C:\Program Files\Microsoft SQL Server\160\DTS\Binn\;C:\Program Files (x86)\Microsoft SQL Server\160\DTS\Binn\;C:\Users\crash\OneDrive\Área de Trabalho\apache-maven-3.9.6\bin;C:\Program Files\MySQL\MySQL Shell 8.0\bin\;C:\Users\crash\AppData\Local\Programs\Python\Python311\Scripts\;C:\Users\crash\AppData\Local\Programs\Python\Python311\;C:\Users\crash\AppData\Local\Microsoft\WindowsApps;C:\Users\crash\AppData\Local\Programs\Microsoft VS Code\bin;C:\Users\crash\AppData\Local\GitHubDesktop\bin
USERNAME=crash
OS=Windows_NT
PROCESSOR_IDENTIFIER=Intel64 Family 6 Model 140 Stepping 1, GenuineIntel
TMP=C:\Users\crash\AppData\Local\Temp
TEMP=C:\Users\crash\AppData\Local\Temp




Periodic native trim disabled

---------------  S Y S T E M  ---------------

OS:
 Windows 11 , 64 bit Build 22621 (10.0.22621.3374)
OS uptime: 0 days 5:39 hours

CPU: total 8 (initial active 8) (4 cores per cpu, 2 threads per core) family 6 model 140 stepping 1 microcode 0xaa, cx8, cmov, fxsr, ht, mmx, 3dnowpref, sse, sse2, sse3, ssse3, sse4.1, sse4.2, popcnt, lzcnt, tsc, tscinvbit, avx, avx2, aes, erms, clmul, bmi1, bmi2, adx, avx512f, avx512dq, avx512cd, avx512bw, avx512vl, sha, fma, vzeroupper, avx512_vpopcntdq, avx512_vpclmulqdq, avx512_vaes, avx512_vnni, clflush, clflushopt, clwb, avx512_vbmi2, avx512_vbmi, rdtscp, rdpid, fsrm, gfni, avx512_bitalg, f16c, pku, cet_ibt, cet_ss, avx512_ifma
Processor Information for all 8 processors :
  Max Mhz: 2419, Current Mhz: 2419, Mhz Limit: 2419

Memory: 4k page, system-wide physical 7975M (321M free)
TotalPageFile size 31553M (AvailPageFile size 99M)
current process WorkingSet (physical memory assigned to process): 11M, peak: 11M
current process commit charge ("private bytes"): 60M, peak: 186M

vm_info: Java HotSpot(TM) 64-Bit Server VM (21.0.2+13-LTS-58) for windows-amd64 JRE (21.0.2+13-LTS-58), built on 2024-01-05T18:32:24Z by "mach5one" with MS VC++ 17.1 (VS2022)

END.
